0 info it worked if it ends with ok
1 verbose cli [ '/usr/bin/node',
1 verbose cli   '/usr/bin/npm',
1 verbose cli   'run',
1 verbose cli   '--prefix',
1 verbose cli   'vue-marketing',
1 verbose cli   'dev' ]
2 info using npm@3.5.2
3 info using node@v8.10.0
4 verbose run-script [ 'predev', 'dev', 'postdev' ]
5 info lifecycle vue-marketing@1.0.0~predev: vue-marketing@1.0.0
6 silly lifecycle vue-marketing@1.0.0~predev: no script for predev, continuing
7 info lifecycle vue-marketing@1.0.0~dev: vue-marketing@1.0.0
8 verbose lifecycle vue-marketing@1.0.0~dev: unsafe-perm in lifecycle true
9 verbose lifecycle vue-marketing@1.0.0~dev: PATH: /usr/share/npm/bin/node-gyp-bin:/home/rita/ITMO_ICT_WebProgramming_2020/students/k3343/laboratory_works/Suzdaltseva_Margarita/laboratory_work_2/vue-marketing/node_modules/.bin:/home/rita/ITMO_ICT_WebProgramming_2020/students/k3343/laboratory_works/Suzdaltseva_Margarita/laboratory_work_2/venv/bin:/usr/local/sbin:/usr/local/bin:/usr/sbin:/usr/bin:/sbin:/bin:/usr/games:/usr/local/games:/mnt/c/Program Files/WindowsApps/CanonicalGroupLimited.Ubuntu18.04onWindows_2020.1804.7.0_x64__79rhkp1fndgsc:/mnt/c/Program Files (x86)/Common Files/Oracle/Java/javapath:/mnt/c/ProgramData/Oracle/Java/javapath:/mnt/c/Program Files (x86)/Intel/iCLS Client:/mnt/c/Program Files/Intel/iCLS Client:/mnt/c/Windows/System32:/mnt/c/Windows:/mnt/c/Windows/System32/wbem:/mnt/c/Windows/System32/WindowsPowerShell/v1.0:/mnt/c/Program Files (x86)/NVIDIA Corporation/PhysX/Common:/mnt/c/Program Files (x86)/Intel/Intel(R) Management Engine Components/DAL:/mnt/c/Program Files/Intel/Intel(R) Management Engine Components/DAL:/mnt/c/Program Files (x86)/Intel/Intel(R) Management Engine Components/IPT:/mnt/c/Program Files/Intel/Intel(R) Management Engine Components/IPT:/mnt/c/Program Files/Intel/WiFi/bin:/mnt/c/Program Files/Common Files/Intel/WirelessCommon:/mnt/c/Windows/System32:/mnt/c/Windows:/mnt/c/Windows/System32/wbem:/mnt/c/Windows/System32/WindowsPowerShell/v1.0:/mnt/c/Windows/System32/OpenSSH:/mnt/c/Program Files/Git/cmd:/mnt/c/Users/Рита/AppData/Local/Programs/Python/Python37/Scripts:/mnt/c/Users/Рита/AppData/Local/Programs/Python/Python37:/mnt/c/Users/Рита/AppData/Local/Programs/Python/Python38/Scripts:/mnt/c/Users/Рита/AppData/Local/Programs/Python/Python38:/mnt/c/Users/Рита/AppData/Local/Microsoft/WindowsApps:/mnt/c/Program Files (x86)/Graphviz2.38/bin:/snap/bin
10 verbose lifecycle vue-marketing@1.0.0~dev: CWD: /home/rita/ITMO_ICT_WebProgramming_2020/students/k3343/laboratory_works/Suzdaltseva_Margarita/laboratory_work_2/vue-marketing
11 silly lifecycle vue-marketing@1.0.0~dev: Args: [ '-c',
11 silly lifecycle   'webpack-dev-server --inline --progress --config build/webpack.dev.conf.js ' ]
12 silly lifecycle vue-marketing@1.0.0~dev: Returned: code: 1  signal: null
13 info lifecycle vue-marketing@1.0.0~dev: Failed to exec dev script
14 verbose stack Error: vue-marketing@1.0.0 dev: `webpack-dev-server --inline --progress --config build/webpack.dev.conf.js `
14 verbose stack Exit status 1
14 verbose stack     at EventEmitter.<anonymous> (/usr/share/npm/lib/utils/lifecycle.js:232:16)
14 verbose stack     at emitTwo (events.js:126:13)
14 verbose stack     at EventEmitter.emit (events.js:214:7)
14 verbose stack     at ChildProcess.<anonymous> (/usr/share/npm/lib/utils/spawn.js:24:14)
14 verbose stack     at emitTwo (events.js:126:13)
14 verbose stack     at ChildProcess.emit (events.js:214:7)
14 verbose stack     at maybeClose (internal/child_process.js:925:16)
14 verbose stack     at Process.ChildProcess._handle.onexit (internal/child_process.js:209:5)
15 verbose pkgid vue-marketing@1.0.0
16 verbose cwd /home/rita/ITMO_ICT_WebProgramming_2020/students/k3343/laboratory_works/Suzdaltseva_Margarita/laboratory_work_2
17 error Linux 4.4.0-17763-Microsoft
18 error argv "/usr/bin/node" "/usr/bin/npm" "run" "--prefix" "vue-marketing" "dev"
19 error node v8.10.0
20 error npm  v3.5.2
21 error code ELIFECYCLE
22 error vue-marketing@1.0.0 dev: `webpack-dev-server --inline --progress --config build/webpack.dev.conf.js `
22 error Exit status 1
23 error Failed at the vue-marketing@1.0.0 dev script 'webpack-dev-server --inline --progress --config build/webpack.dev.conf.js '.
23 error Make sure you have the latest version of node.js and npm installed.
23 error If you do, this is most likely a problem with the vue-marketing package,
23 error not with npm itself.
23 error Tell the author that this fails on your system:
23 error     webpack-dev-server --inline --progress --config build/webpack.dev.conf.js
23 error You can get information on how to open an issue for this project with:
23 error     npm bugs vue-marketing
23 error Or if that isn't available, you can get their info via:
23 error     npm owner ls vue-marketing
23 error There is likely additional logging output above.
24 verbose exit [ 1, true ]
